{"/Users/rafael.gustavo.gomes/Developer/react/projetos/Volkswagen/poc-vw-ds-web/src/components/Button/index.tsx": {"path":"/Users/rafael.gustavo.gomes/Developer/react/projetos/Volkswagen/poc-vw-ds-web/src/components/Button/index.tsx","statementMap":{"0":{"start":{"line":1,"column":0},"end":{"line":1,"column":26}},"1":{"start":{"line":4,"column":15},"end":{"line":6,"column":2}},"2":{"start":{"line":4,"column":26},"end":{"line":4,"column":31}},"3":{"start":{"line":4,"column":36},"end":{"line":4,"column":52}},"4":{"start":{"line":4,"column":57},"end":{"line":6,"column":2}},"5":{"start":{"line":8,"column":0},"end":{"line":8,"column":22}}},"fnMap":{"0":{"name":"(anonymous_4)","decl":{"start":{"line":4,"column":15},"end":{"line":4,"column":16}},"loc":{"start":{"line":4,"column":52},"end":{"line":6,"column":2}}}},"branchMap":{},"s":{"0":1,"1":1,"2":2,"3":2,"4":2,"5":1},"f":{"0":2},"b":{}}
}
